<?xml version="1.0" encoding="UTF-8"?>
<!-- Generated by org.testng.reporters.JUnitXMLReporter -->
<testsuite hostname="COLBOGHDTEC34" ignored="0" name="TestSiteColombia" tests="1" failures="1" timestamp="26 May 2017 13:36:03 GMT" time="21.519" errors="0">
  <testcase name="bookAHotel" time="4.919" classname="com.decameron.BookSiteHotel">
    <failure type="java.lang.AssertionError" message="This is an incorrect adult number expected [true] but found [false]">
      <![CDATA[java.lang.AssertionError: This is an incorrect adult number expected [true] but found [false]
	at com.decameron.BookSiteHotel.bookAHotel(BookSiteHotel.java:28)
... Removed 28 stack frames]]>
    </failure>
  </testcase> <!-- bookAHotel -->
</testsuite> <!-- TestSiteColombia -->
