<?xml version="1.0" encoding="UTF-8"?>
<testng-results skipped="0" failed="0" ignored="0" total="1" passed="1">
  <reporter-output>
  </reporter-output>
  <suite name="Suite" duration-ms="20551" started-at="2017-05-24T02:12:49Z" finished-at="2017-05-24T02:13:10Z">
    <groups>
    </groups>
    <test name="TestSiteColombia" duration-ms="20551" started-at="2017-05-24T02:12:49Z" finished-at="2017-05-24T02:13:10Z">
      <class name="com.decameron.BookSiteHotel">
        <test-method status="PASS" signature="beforeTest()[pri:0, instance:com.decameron.BookSiteHotel@3e6fa38a]" name="beforeTest" is-config="true" duration-ms="15536" started-at="2017-05-23T21:12:49Z" finished-at="2017-05-23T21:13:05Z">
          <reporter-output>
          </reporter-output>
        </test-method> <!-- beforeTest -->
        <test-method status="PASS" signature="bookAHotel(java.lang.String)[pri:0, instance:com.decameron.BookSiteHotel@3e6fa38a]" name="bookAHotel" duration-ms="4831" started-at="2017-05-23T21:13:05Z" finished-at="2017-05-23T21:13:10Z">
          <params>
            <param index="0">
              <value>
                <![CDATA[Bogota]]>
              </value>
            </param>
          </params>
          <reporter-output>
          </reporter-output>
        </test-method> <!-- bookAHotel -->
        <test-method status="PASS" signature="afterTest()[pri:0, instance:com.decameron.BookSiteHotel@3e6fa38a]" name="afterTest" is-config="true" duration-ms="157" started-at="2017-05-23T21:13:10Z" finished-at="2017-05-23T21:13:10Z">
          <reporter-output>
          </reporter-output>
        </test-method> <!-- afterTest -->
      </class> <!-- com.decameron.BookSiteHotel -->
    </test> <!-- TestSiteColombia -->
  </suite> <!-- Suite -->
</testng-results>
