<?xml version="1.0" encoding="UTF-8"?>
<testng-results skipped="0" failed="0" ignored="0" total="1" passed="1">
  <reporter-output>
  </reporter-output>
  <suite name="Suite" duration-ms="55969" started-at="2017-05-27T22:50:46Z" finished-at="2017-05-27T22:51:42Z">
    <groups>
    </groups>
    <test name="TestSiteColombia" duration-ms="55969" started-at="2017-05-27T22:50:46Z" finished-at="2017-05-27T22:51:42Z">
      <class name="com.decameron.BookSiteHotel">
        <test-method status="PASS" signature="beforeTest()[pri:0, instance:com.decameron.BookSiteHotel@3e6fa38a]" name="beforeTest" is-config="true" duration-ms="15166" started-at="2017-05-27T17:50:46Z" finished-at="2017-05-27T17:51:01Z">
          <reporter-output>
          </reporter-output>
        </test-method> <!-- beforeTest -->
        <test-method status="PASS" signature="bookAHotel(java.lang.String, java.lang.String, java.lang.String, java.lang.String, int)[pri:0, instance:com.decameron.BookSiteHotel@3e6fa38a]" name="bookAHotel" duration-ms="40613" started-at="2017-05-27T17:51:01Z" finished-at="2017-05-27T17:51:42Z">
          <params>
            <param index="0">
              <value>
                <![CDATA[Bogota]]>
              </value>
            </param>
            <param index="1">
              <value>
                <![CDATA[Miss Mary]]>
              </value>
            </param>
            <param index="2">
              <value>
                <![CDATA[05/06/2017]]>
              </value>
            </param>
            <param index="3">
              <value>
                <![CDATA[09/06/2017]]>
              </value>
            </param>
            <param index="4">
              <value>
                <![CDATA[3]]>
              </value>
            </param>
          </params>
          <reporter-output>
          </reporter-output>
        </test-method> <!-- bookAHotel -->
        <test-method status="PASS" signature="afterTest()[pri:0, instance:com.decameron.BookSiteHotel@3e6fa38a]" name="afterTest" is-config="true" duration-ms="158" started-at="2017-05-27T17:51:42Z" finished-at="2017-05-27T17:51:42Z">
          <reporter-output>
          </reporter-output>
        </test-method> <!-- afterTest -->
      </class> <!-- com.decameron.BookSiteHotel -->
    </test> <!-- TestSiteColombia -->
  </suite> <!-- Suite -->
</testng-results>
